<?xml version="1.0" encoding="UTF-8"?>
<testsuite name="Facebook App Test"
           tests="3"
           failures="1"
           errors="0"
           skipped="2"
           time="-1579699746.331">
  <properties />
            <testcase name="setup" time="0.295" classname="com.bridgelabz.datadriven.parameterizedTest.ParameterizedTest">
                <failure type="java.lang.IllegalStateException"
                  message="The driver executable does not exist: /home/admin-1/eclipse-workspace/SeleniumDemo/driver/chromedriver"
              >
<![CDATA[java.lang.IllegalStateException: The driver executable does not exist: /home/admin-1/eclipse-workspace/SeleniumDemo/driver/chromedriver
  com.google.common.base.Preconditions.checkState(Preconditions.java:585)
  org.openqa.selenium.remote.service.DriverService.checkExecutable(DriverService.java:146)
  org.openqa.selenium.remote.service.DriverService.findExecutable(DriverService.java:141)
  org.openqa.selenium.chrome.ChromeDriverService.access$000(ChromeDriverService.java:35)
  org.openqa.selenium.chrome.ChromeDriverService$Builder.findDefaultExecutable(ChromeDriverService.java:159)
  org.openqa.selenium.remote.service.DriverService$Builder.build(DriverService.java:355)
  org.openqa.selenium.chrome.ChromeDriverService.createDefaultService(ChromeDriverService.java:94)
  org.openqa.selenium.chrome.ChromeDriver.<init>(ChromeDriver.java:123)
  com.bridgelabz.datadriven.parameterizedTest.ParameterizedTest.setup(ParameterizedTest.java:21)
  java.base/jdk.internal.reflect.NativeMethodAccessorImpl.invoke0(Native Method)
  java.base/jdk.internal.reflect.NativeMethodAccessorImpl.invoke(NativeMethodAccessorImpl.java:62)
  java.base/jdk.internal.reflect.DelegatingMethodAccessorImpl.invoke(DelegatingMethodAccessorImpl.java:43)
  java.base/java.lang.reflect.Method.invoke(Method.java:566)
  org.testng.internal.MethodInvocationHelper.invokeMethod(MethodInvocationHelper.java:133)
  org.testng.internal.MethodInvocationHelper.invokeMethodConsideringTimeout(MethodInvocationHelper.java:62)
  org.testng.internal.ConfigInvoker.invokeConfigurationMethod(ConfigInvoker.java:340)
  org.testng.internal.ConfigInvoker.invokeConfigurations(ConfigInvoker.java:294)
  org.testng.SuiteRunner.privateRun(SuiteRunner.java:345)
  org.testng.SuiteRunner.run(SuiteRunner.java:304)
  org.testng.SuiteRunnerWorker.runSuite(SuiteRunnerWorker.java:53)
  org.testng.SuiteRunnerWorker.run(SuiteRunnerWorker.java:96)
  org.testng.TestNG.runSuitesSequentially(TestNG.java:1180)
  org.testng.TestNG.runSuitesLocally(TestNG.java:1102)
  org.testng.TestNG.runSuites(TestNG.java:1032)
  org.testng.TestNG.run(TestNG.java:1000)
  org.testng.remote.AbstractRemoteTestNG.run(AbstractRemoteTestNG.java:115)
  org.testng.remote.RemoteTestNG.initAndRun(RemoteTestNG.java:251)
  org.testng.remote.RemoteTestNG.main(RemoteTestNG.java:77)
]]>
      </failure>

          </testcase>
  
            <testcase name="teardown" time="0.0" classname="com.bridgelabz.datadriven.parameterizedTest.ParameterizedTest">
          <skipped />
    </testcase>
            <testcase name="testFbLogin" time="0.0" classname="com.bridgelabz.datadriven.parameterizedTest.ParameterizedTest">
          <skipped />
    </testcase>
  
  
</testsuite>
