<?xml version="1.0" encoding="UTF-8"?>
<!-- Generated by org.testng.reporters.JUnitXMLReporter -->
<testsuite ignored="0" hostname="admin-1" failures="0" tests="1" name="Facebook App Test" time="0.128" errors="0" timestamp="2020-01-22T18:59:06 IST">
  <testcase classname="com.bridgelabz.datadriven.parameterizedTest.ParameterizedTest" name="@BeforeSuite setup" time="0.295">
    <failure type="java.lang.IllegalStateException" message="The driver executable does not exist: /home/admin-1/eclipse-workspace/SeleniumDemo/driver/chromedriver">
      <![CDATA[java.lang.IllegalStateException: The driver executable does not exist: /home/admin-1/eclipse-workspace/SeleniumDemo/driver/chromedriver
at com.google.common.base.Preconditions.checkState(Preconditions.java:585)
at org.openqa.selenium.remote.service.DriverService.checkExecutable(DriverService.java:146)
at org.openqa.selenium.remote.service.DriverService.findExecutable(DriverService.java:141)
at org.openqa.selenium.chrome.ChromeDriverService.access$000(ChromeDriverService.java:35)
at org.openqa.selenium.chrome.ChromeDriverService$Builder.findDefaultExecutable(ChromeDriverService.java:159)
at org.openqa.selenium.remote.service.DriverService$Builder.build(DriverService.java:355)
at org.openqa.selenium.chrome.ChromeDriverService.createDefaultService(ChromeDriverService.java:94)
at org.openqa.selenium.chrome.ChromeDriver.<init>(ChromeDriver.java:123)
at com.bridgelabz.datadriven.parameterizedTest.ParameterizedTest.setup(ParameterizedTest.java:21)
... Removed 19 stack frames]]>
    </failure>
  </testcase> <!-- @BeforeSuite setup -->
  <testcase classname="com.bridgelabz.datadriven.parameterizedTest.ParameterizedTest" name="testFbLogin" time="0.001">
    <skipped/>
  </testcase> <!-- testFbLogin -->
</testsuite> <!-- Facebook App Test -->
